<?xml version="1.0" encoding="UTF-8"?>
<!-- Generated by org.testng.reporters.JUnitReportReporter -->
<testsuite hostname="DESKTOP-FJBLVPL" name="com.driverScript.NewDriverScript" tests="1" failures="0" timestamp="12 Jun 2020 07:32:53 GMT" time="72.648" errors="0">
  <testcase name="driver" time="72.648" classname="com.driverScript.NewDriverScript"/>
</testsuite> <!-- com.driverScript.NewDriverScript -->
